2014-05-07 21:19:22
Import start

Sorry, that username already exists!
Failed to create new user for admin. Their posts will be attributed to the current user
Theme Options Media "Body Background" already exists
Theme Options Media "Logo Url" already exists
Theme Options Media "Favicon" already exists
Theme Options Media "Private Photo" already exists
Theme Options Media "Private Photo" already exists
Theme Options Media "Body Background" already exists
Theme Options Media "Logo Url" already exists
Theme Options Media "Private Photo" already exists
Theme Options Media "Favicon" already exists
Theme Options Media "Body Background" already exists
Theme Options Media "Logo Url" already exists
Theme Options Media "Favicon" already exists
Theme Options Media "Header Color" already exists
2014-05-07 21:19:38

Import end

2014-05-07 21:20:09
Importing process are finish. Our Congratulations!

2014-05-08 19:03:27
Import start

Sorry, that username already exists!
Failed to create new user for admin. Their posts will be attributed to the current user
2014-05-08 19:09:12
Import start

Sorry, that username already exists!
Failed to create new user for admin. Their posts will be attributed to the current user
Media "favi" already exists
Media "SLD" already exists
Media "ASD" already exists
Media "maderaback" already exists
Media "MADERA" already exists
Media "diana" already exists
Media "pilar hormaechea" already exists
Media "pilar hormaechea" already exists
Media "2 copia" already exists
Media "8 copia" already exists
Media "pilarhormaechea" already exists
Media "pilarhormaechea2" already exists
Media "pilarhormaechea3" already exists
Media "pilarhormaechea4" already exists
Media "pilarhormaechea5" already exists
Media "pilarhormaechea6" already exists
Media "pilarhormaechea7" already exists
Media "pilarhormaechea" already exists
Media "pp" already exists
Media "p" already exists
Media "Apilarhormaechea" already exists
Media "Apilarhormaechea2" already exists
Media "Apilarhormaechea3" already exists
Media "Apilarhormaechea4" already exists
Media "Apilarhormaechea5" already exists
Media "Apilarhormaechea6" already exists
Media "SAVE" already exists
Media "AAA" already exists
Media "12" already exists
Media "yo" already exists
Media "top" already exists
Media "top" already exists
Media "" already exists
Media "Sin título-4" already exists
Media "Web" already exists
Media "Web" already exists
Media "6 copia" already exists
Media "paginaweb_biombo 13" already exists
Media "SDC" already exists
Media "2" already exists
Media "Captura de pantalla 2014-04-10 a la(s) 10.57.43" already exists
Media "as" already exists
Media "lks" already exists
Media "as" already exists
Media "lks" already exists
Media "as" already exists
Media "top" already exists
Media "top2" already exists
Media "top3" already exists
Media "top4" already exists
Media "top5" already exists
Media "top6" already exists
Media "top7" already exists
Media "top8" already exists
Media "top9" already exists
Media "top10" already exists
Media "top11" already exists
Media "top12" already exists
Media "top13" already exists
Media "top16" already exists
Media "palacio_portada" already exists
Media "palacio6" already exists
Media "palacio7" already exists
Media "palacio8" already exists
Media "palacio9" already exists
Media "palacio10" already exists
Media "palacio11" already exists
Media "palacio12" already exists
Media "palacio13" already exists
Media "palacio14" already exists
Media "palacio15" already exists
Gallery "Tienda online" already exists
Gallery "Hípica Prados Monteros" already exists
Gallery "THAT FANCY TOP " already exists
Page "PORTFOLIO" already exists
Page "HOME" already exists
Page "about me " already exists
Page "PROJECTS" already exists
Page "this is my WORK" already exists
Theme Options Media "Body Background" already exists
Theme Options Media "Header Color" already exists
Theme Options Media "Logo Url" already exists
Theme Options Media "Favicon" already exists
Post "ABOUT ME" already exists
Page "CONTACT" already exists
Page "QUÉ HAGO" already exists
Page "BLOG" already exists
Page "ABOUT" already exists
Page "GALLERY" already exists
Gallery "BRIGHT &amp; SHINE con Raquel Palomo" already exists
Post "Hello world!" already exists
Contact Form "Contact form 1" already exists
Post "VICTORIA TORRES SOUVIRON" already exists
Post "about me &amp; CONTACT" already exists
Post "We love BOHO" already exists
Post "A FANCY TOP con Mai Ruiz" already exists
Post "Web corporativa · HÍPICA PRADOS MONTEROS" already exists
Post "THAT FANCY TOP con María Ruiz" already exists
Post "BRIGHT &amp; SHINE  ·  con  Raquel Palomo" already exists
2014-05-08 19:11:18

Import end

2014-05-08 19:11:18

Import end

2014-05-08 19:11:51
Importing process are finish. Our Congratulations!

2014-05-11 13:42:28
Import start

Sorry, that username already exists!
Failed to create new user for admin. Their posts will be attributed to the current user
Theme Options Media "Body Background" already exists
Theme Options Media "Logo Url" already exists
Theme Options Media "Favicon" already exists
Theme Options Media "Private Photo" already exists
Theme Options Media "Private Photo" already exists
Theme Options Media "Body Background" already exists
Theme Options Media "Logo Url" already exists
Theme Options Media "Private Photo" already exists
Theme Options Media "Favicon" already exists
Theme Options Media "Body Background" already exists
Theme Options Media "Logo Url" already exists
Theme Options Media "Favicon" already exists
Theme Options Media "Header Color" already exists
2014-05-11 13:42:47

Import end

2014-05-11 13:43:04
Importing process are finish. Our Congratulations!

